[16:22:44] [main/INFO]: Reloading ResourceManager: Default, bukkit
[16:22:47] [Worker-Main-2/INFO]: Loaded 7 recipes
[16:22:54] [Server thread/INFO]: Starting minecraft server version 1.16.5
[16:22:54] [Server thread/INFO]: Loading properties
[16:22:54] [Server thread/INFO]: This server is running CraftBukkit version 3096a-Spigot-9fb885e-af1a232 (MC: 1.16.5) (Implementing API version 1.16.5-R0.1-SNAPSHOT)
[16:22:54] [Server thread/INFO]: Server Ping Player Sample Count: 12
[16:22:54] [Server thread/INFO]: Using 4 threads for Netty based IO
[16:22:54] [Server thread/INFO]: Debug logging is disabled
[16:22:55] [Server thread/INFO]: Default game type: SURVIVAL
[16:22:55] [Server thread/INFO]: Generating keypair
[16:22:56] [Server thread/INFO]: Starting Minecraft server on 0.0.0.0:25703
[16:22:56] [Server thread/INFO]: Using epoll channel type
[16:22:56] [Server thread/ERROR]: Could not load 'plugins/Rewards.jar' in folder 'plugins'
org.bukkit.plugin.InvalidDescriptionException: Invalid plugin.yml
	at org.bukkit.plugin.java.JavaPluginLoader.getPluginDescription(JavaPluginLoader.java:170) ~[spigot-1.16.5.jar:3096a-Spigot-9fb885e-af1a232]
	at org.bukkit.plugin.SimplePluginManager.loadPlugins(SimplePluginManager.java:144) ~[spigot-1.16.5.jar:3096a-Spigot-9fb885e-af1a232]
	at org.bukkit.craftbukkit.v1_16_R3.CraftServer.loadPlugins(CraftServer.java:381) ~[spigot-1.16.5.jar:3096a-Spigot-9fb885e-af1a232]
	at net.minecraft.server.v1_16_R3.DedicatedServer.init(DedicatedServer.java:224) ~[spigot-1.16.5.jar:3096a-Spigot-9fb885e-af1a232]
	at net.minecraft.server.v1_16_R3.MinecraftServer.w(MinecraftServer.java:928) ~[spigot-1.16.5.jar:3096a-Spigot-9fb885e-af1a232]
	at net.minecraft.server.v1_16_R3.MinecraftServer.lambda$0(MinecraftServer.java:273) ~[spigot-1.16.5.jar:3096a-Spigot-9fb885e-af1a232]
	at java.lang.Thread.run(Thread.java:829) [?:?]
Caused by: java.io.FileNotFoundException: Jar does not contain plugin.yml
	... 7 more
[16:23:01] [Server thread/INFO]: [Chestinfo] Loading Chestinfo v1.0
[16:23:01] [Server thread/INFO]: [PlaceholderAPI] Loading PlaceholderAPI v2.11.2
[16:23:01] [Server thread/INFO]: [Teleportrequests] Loading Teleportrequests v1.0
[16:23:01] [Server thread/INFO]: [BigXPBottles] Loading BigXPBottles v4.7
[16:23:01] [Server thread/INFO]: [SkinsRestorer] Loading SkinsRestorer v14.2.3
[16:23:01] [Server thread/INFO]: [Blue Slime Core] Loading BlueSlimeCore v2.6.1.222-Beta
[16:23:01] [Server thread/INFO]: [CraftEnhance] Loading CraftEnhance v2.4.4.4
[16:23:01] [Server thread/INFO]: [ViaVersion] Loading ViaVersion v4.4.2
[16:23:02] [Server thread/INFO]: [ViaVersion] ViaVersion 4.4.2 is now loaded, injecting!
[16:23:03] [Via-Mappingloader-0/INFO]: [ViaVersion] Loading 1.12 -> 1.13 mappings...
[16:23:03] [Via-Mappingloader-1/INFO]: [ViaVersion] Loading 1.13 -> 1.13.2 mappings...
[16:23:04] [Via-Mappingloader-2/INFO]: [ViaVersion] Loading 1.13.2 -> 1.14 mappings...
[16:23:04] [Via-Mappingloader-3/INFO]: [ViaVersion] Loading 1.14 -> 1.15 mappings...
[16:23:04] [Via-Mappingloader-4/INFO]: [ViaVersion] Loading 1.15 -> 1.16 mappings...
[16:23:05] [Via-Mappingloader-5/INFO]: [ViaVersion] Loading 1.16 -> 1.16.2 mappings...
[16:23:05] [Via-Mappingloader-6/INFO]: [ViaVersion] Loading 1.16.2 -> 1.17 mappings...
[16:23:05] [Via-Mappingloader-7/INFO]: [ViaVersion] Loading 1.17 -> 1.18 mappings...
[16:23:05] [Via-Mappingloader-8/INFO]: [ViaVersion] Loading 1.18 -> 1.19 mappings...
[16:23:06] [Server thread/INFO]: [[MEP]] Loading Mep v1.0-SNAPSHOT
[16:23:06] [Server thread/INFO]: [FMCS-ASSISTANT] Loading FMCSAssistant v1.8
[16:23:06] [Server thread/INFO]: [LuckPerms] Loading LuckPerms v5.4.46
[16:23:06] [Via-Mappingloader-0/INFO]: [ViaVersion] Loading block connection mappings ...
[16:23:12] [Server thread/INFO]: [EconomyAPI] Loading EconomyAPI v1.0
[16:23:12] [Server thread/INFO]: [Vault] Loading Vault v1.7.3-b131
[16:23:12] [Server thread/INFO]: [WorldEdit] Loading WorldEdit v7.2.12+6240-87f4ae1
[16:23:18] [Server thread/INFO]: Got request to register class com.sk89q.worldedit.bukkit.BukkitServerInterface with WorldEdit [com.sk89q.worldedit.extension.platform.PlatformManager@13660599]
[16:23:18] [Server thread/INFO]: [RecipeGen] Loading RecipeGen v1.0
[16:23:18] [Server thread/INFO]: [InvSee++] Loading InvSeePlusPlus v0.12.10-SNAPSHOT
[16:23:18] [Server thread/INFO]: [Multiverse-Core] Loading Multiverse-Core v4.3.0-b846
[16:23:18] [Server thread/INFO]: [WorldGuard] Loading WorldGuard v7.0.4+f7ff984
[16:23:18] [Server thread/INFO]: [Citizens] Loading Citizens v2.0.30-SNAPSHOT (build 2739)
[16:23:18] [Server thread/INFO]: [PlayerManager] Loading PlayerManager v1.0
[16:23:18] [Server thread/INFO]: [ChestCommands] Loading ChestCommands v4.0.3
[16:23:18] [Server thread/INFO]: [MythicMobs] Loading MythicMobs v4.14.1-47dddd45
[16:23:18] [Server thread/INFO]: [LumineUtils] (io.lumine.xikage.mythicmobs.utils.) is bound to plugin MythicMobs - io.lumine.xikage.mythicmobs.MythicMobs
[16:23:18] [Server thread/INFO]: [DeluxeMenus] Loading DeluxeMenus v1.13.6-Release
[16:23:18] [Server thread/INFO]: [DeluxeMenus] NMS hook has been setup successfully!
[16:23:18] [Server thread/INFO]: [CrazyAuctions] Loading CrazyAuctions v1.2.16-RELEASE
[16:23:18] [Server thread/INFO]: [TAB] Loading TAB v2.8.8
[16:23:18] [Server thread/INFO]: [GSit] Loading GSit v1.2.7
[16:23:20] [Server thread/INFO]: [SuperVanish] Loading SuperVanish v6.2.12
[16:23:20] [Server thread/INFO]: [CombatLogX] Loading CombatLogX v11.1.0.7.1025
[16:23:20] [Server thread/INFO]: [CombatLogX] Configuration version is recent, no major changes necessary.
[16:23:20] [Server thread/INFO]: [CombatLogX] Loading expansions...
[16:23:20] [Server thread/INFO]: [CombatLogX] Loading expansion 'Cheat Prevention v16.23'...
[16:23:20] [Server thread/INFO]: [CombatLogX]  
[16:23:20] [Server thread/INFO]: [CombatLogX] Loading expansion 'Boss Bar v16.9'...
[16:23:20] [Server thread/INFO]: [CombatLogX]  
[16:23:20] [Server thread/INFO]: [CombatLogX] Loading expansion 'MythicMobs Compatibility v16.6'...
[16:23:20] [Server thread/INFO]: [CombatLogX]  
[16:23:20] [Server thread/INFO]: [CombatLogX] Successfully loaded 3 expansions.
[16:23:20] [Server thread/INFO]: [ChatManager] Loading ChatManager v3.7.7
[16:23:20] [Server thread/INFO]: [LootChest] Loading LootChest v2.3.3
[16:23:20] [Server thread/INFO]: [InvSee++_Clear] Loading InvSeePlusPlus_Clear v0.12.10-SNAPSHOT
[16:23:20] [Server thread/INFO]: [InvSee++_Give] Loading InvSeePlusPlus_Give v0.12.10-SNAPSHOT
[16:23:20] [Server thread/INFO]: [ExecutableItems] Loading ExecutableItems v2.6.5.3
[16:23:20] [Server thread/INFO]: [CitizensCMD] Loading CitizensCMD v2.6.6
[16:23:20] [Server thread/INFO]: [Blue Slime Core] Enabling BlueSlimeCore v2.6.1.222-Beta
[16:23:21] [Server thread/WARN]: [Blue Slime Core] Loaded class net.kyori.adventure.text.Component from PlayerManager v1.0 which is not a depend, softdepend or loadbefore of this plugin.
[16:23:21] [Server thread/INFO]: [LuckPerms] Enabling LuckPerms v5.4.46
[16:23:22] [Server thread/WARN]: [LuckPerms] Loaded class net.kyori.adventure.text.Component from PlayerManager v1.0 which is not a depend, softdepend or loadbefore of this plugin.
[16:23:23] [Server thread/INFO]: [0;36;1m       [0;36;22m __    [m
[16:23:23] [Server thread/INFO]: [0;36;1m  |    [0;36;22m|__)   [0;32;22mLuckPerms[m [0;36;1mv5.4.46[m
[16:23:23] [Server thread/INFO]: [0;36;1m  |___ [0;36;22m|      [0;30;1mRunning on Bukkit - CraftBukkit[m
[16:23:23] [Server thread/INFO]: [m
[16:23:23] [Server thread/INFO]: [LuckPerms] Loading configuration...
[16:23:26] [Server thread/INFO]: [LuckPerms] Loading storage provider... [H2]
[16:23:30] [Server thread/INFO]: [LuckPerms] Loading internal permission managers...
[16:23:30] [Server thread/INFO]: [LuckPerms] Performing initial data load...
[16:23:32] [Server thread/INFO]: [LuckPerms] Successfully enabled. (took 10086ms)
[16:23:32] [Server thread/INFO]: [Vault] Enabling Vault v1.7.3-b131
[16:23:32] [Server thread/INFO]: [Vault] [Permission] SuperPermissions loaded as backup permission system.
[16:23:32] [Server thread/INFO]: [Vault] Enabled Version 1.7.3-b131
[16:23:32] [Server thread/INFO]: [LuckPerms] Registered Vault permission & chat hook.
[16:23:32] [Server thread/INFO]: [WorldEdit] Enabling WorldEdit v7.2.12+6240-87f4ae1
[16:23:33] [Server thread/INFO]: Registering commands with com.sk89q.worldedit.bukkit.BukkitServerInterface
[16:23:33] [Server thread/INFO]: WEPIF: Vault detected! Using Vault for permissions
[16:23:36] [Server thread/INFO]: Using com.sk89q.worldedit.bukkit.adapter.impl.Spigot_v1_16_R3 as the Bukkit adapter
[16:23:40] [Server thread/INFO]: [WorldEdit] ====================================================
[16:23:40] [Server thread/INFO]: [WorldEdit]  WorldEdit works better if you use Paper 
[16:23:40] [Server thread/INFO]: [WorldEdit]  as your server software. 
[16:23:40] [Server thread/INFO]: [WorldEdit]   
[16:23:40] [Server thread/INFO]: [WorldEdit]  Paper offers significant performance improvements,
[16:23:40] [Server thread/INFO]: [WorldEdit]  bug fixes, security enhancements and optional
[16:23:40] [Server thread/INFO]: [WorldEdit]  features for server owners to enhance their server.
[16:23:40] [Server thread/INFO]: [WorldEdit]   
[16:23:40] [Server thread/INFO]: [WorldEdit]  Paper includes Timings v2, which is significantly
[16:23:40] [Server thread/INFO]: [WorldEdit]  better at diagnosing lag problems over v1.
[16:23:40] [Server thread/INFO]: [WorldEdit]   
[16:23:40] [Server thread/INFO]: [WorldEdit]  All of your plugins should still work, and the
[16:23:40] [Server thread/INFO]: [WorldEdit]  Paper community will gladly help you fix any issues.
[16:23:40] [Server thread/INFO]: [WorldEdit]   
[16:23:40] [Server thread/INFO]: [WorldEdit]  Join the Paper Community @ https://papermc.io
[16:23:40] [Server thread/INFO]: [WorldEdit] ====================================================
[16:23:40] [Server thread/WARN]: **** SERVER IS RUNNING IN OFFLINE/INSECURE MODE!
[16:23:40] [Server thread/WARN]: The server will make no attempt to authenticate usernames. Beware.
[16:23:40] [Server thread/WARN]: While this makes the game possible to play without internet access, it also opens up the ability for hackers to connect with any username they choose.
[16:23:40] [Server thread/WARN]: To change this, set "online-mode" to "true" in the server.properties file.
[16:23:40] [Server thread/INFO]: Preparing level "world"
[16:23:41] [Server thread/INFO]: -------- World Settings For [world] --------
[16:23:41] [Server thread/INFO]: Experience Merge Radius: 3.0
[16:23:41] [Server thread/INFO]: Cactus Growth Modifier: 100%
[16:23:41] [Server thread/INFO]: Cane Growth Modifier: 100%
[16:23:41] [Server thread/INFO]: Melon Growth Modifier: 100%
[16:23:41] [Server thread/INFO]: Mushroom Growth Modifier: 100%
[16:23:41] [Server thread/INFO]: Pumpkin Growth Modifier: 100%
[16:23:41] [Server thread/INFO]: Sapling Growth Modifier: 100%
[16:23:41] [Server thread/INFO]: Beetroot Growth Modifier: 100%
[16:23:41] [Server thread/INFO]: Carrot Growth Modifier: 100%
[16:23:41] [Server thread/INFO]: Potato Growth Modifier: 100%
[16:23:41] [Server thread/INFO]: Wheat Growth Modifier: 100%
[16:23:41] [Server thread/INFO]: NetherWart Growth Modifier: 100%
[16:23:41] [Server thread/INFO]: Vine Growth Modifier: 100%
[16:23:41] [Server thread/INFO]: Cocoa Growth Modifier: 100%
[16:23:41] [Server thread/INFO]: Bamboo Growth Modifier: 100%
[16:23:41] [Server thread/INFO]: SweetBerry Growth Modifier: 100%
[16:23:41] [Server thread/INFO]: Kelp Growth Modifier: 100%
[16:23:41] [Server thread/INFO]: Entity Activation Range: An 32 / Mo 32 / Ra 48 / Mi 16 / Tiv true
[16:23:41] [Server thread/INFO]: Hopper Transfer: 8 Hopper Check: 1 Hopper Amount: 1
[16:23:41] [Server thread/INFO]: Custom Map Seeds:  Village: 10387312 Desert: 14357617 Igloo: 14357618 Jungle: 14357619 Swamp: 14357620 Monument: 10387313 Ocean: 14357621 Shipwreck: 165745295 End City: 10387313 Slime: 987234911 Bastion: 30084232 Fortress: 30084232 Mansion: 10387319 Fossil: 14357921 Portal: 34222645
[16:23:41] [Server thread/INFO]: Max TNT Explosions: 100
[16:23:41] [Server thread/INFO]: Tile Max Tick Time: 50ms Entity max Tick Time: 50ms
[16:23:41] [Server thread/INFO]: Mob Spawn Range: 6
[16:23:41] [Server thread/INFO]: Entity Tracking Range: Pl 48 / An 48 / Mo 48 / Mi 32 / Other 64
[16:23:41] [Server thread/INFO]: Allow Zombie Pigmen to spawn from portal blocks: true
[16:23:41] [Server thread/INFO]: View Distance: 5
[16:23:41] [Server thread/INFO]: Item Despawn Rate: 6000
[16:23:41] [Server thread/INFO]: Item Merge Radius: 2.5
[16:23:41] [Server thread/INFO]: Arrow Despawn Rate: 1200 Trident Respawn Rate:1200
[16:23:41] [Server thread/INFO]: Zombie Aggressive Towards Villager: true
[16:23:41] [Server thread/INFO]: Nerfing mobs spawned from spawners: false
[16:23:43] [Server thread/INFO]: -------- World Settings For [world_nether] --------
[16:23:43] [Server thread/INFO]: Experience Merge Radius: 3.0
[16:23:43] [Server thread/INFO]: Cactus Growth Modifier: 100%
[16:23:43] [Server thread/INFO]: Cane Growth Modifier: 100%
[16:23:43] [Server thread/INFO]: Melon Growth Modifier: 100%
[16:23:43] [Server thread/INFO]: Mushroom Growth Modifier: 100%
[16:23:43] [Server thread/INFO]: Pumpkin Growth Modifier: 100%
[16:23:43] [Server thread/INFO]: Sapling Growth Modifier: 100%
[16:23:43] [Server thread/INFO]: Beetroot Growth Modifier: 100%
[16:23:43] [Server thread/INFO]: Carrot Growth Modifier: 100%
[16:23:43] [Server thread/INFO]: Potato Growth Modifier: 100%
[16:23:43] [Server thread/INFO]: Wheat Growth Modifier: 100%
[16:23:43] [Server thread/INFO]: NetherWart Growth Modifier: 100%
[16:23:43] [Server thread/INFO]: Vine Growth Modifier: 100%
[16:23:43] [Server thread/INFO]: Cocoa Growth Modifier: 100%
[16:23:43] [Server thread/INFO]: Bamboo Growth Modifier: 100%
[16:23:43] [Server thread/INFO]: SweetBerry Growth Modifier: 100%
[16:23:43] [Server thread/INFO]: Kelp Growth Modifier: 100%
[16:23:43] [Server thread/INFO]: Entity Activation Range: An 32 / Mo 32 / Ra 48 / Mi 16 / Tiv true
[16:23:43] [Server thread/INFO]: Hopper Transfer: 8 Hopper Check: 1 Hopper Amount: 1
[16:23:43] [Server thread/INFO]: Custom Map Seeds:  Village: 10387312 Desert: 14357617 Igloo: 14357618 Jungle: 14357619 Swamp: 14357620 Monument: 10387313 Ocean: 14357621 Shipwreck: 165745295 End City: 10387313 Slime: 987234911 Bastion: 30084232 Fortress: 30084232 Mansion: 10387319 Fossil: 14357921 Portal: 34222645
[16:23:43] [Server thread/INFO]: Max TNT Explosions: 100
[16:23:43] [Server thread/INFO]: Tile Max Tick Time: 50ms Entity max Tick Time: 50ms
[16:23:43] [Server thread/INFO]: Mob Spawn Range: 6
[16:23:43] [Server thread/INFO]: Entity Tracking Range: Pl 48 / An 48 / Mo 48 / Mi 32 / Other 64
[16:23:43] [Server thread/INFO]: Allow Zombie Pigmen to spawn from portal blocks: true
[16:23:43] [Server thread/INFO]: View Distance: 5
[16:23:43] [Server thread/INFO]: Item Despawn Rate: 6000
[16:23:43] [Server thread/INFO]: Item Merge Radius: 2.5
[16:23:43] [Server thread/INFO]: Arrow Despawn Rate: 1200 Trident Respawn Rate:1200
[16:23:43] [Server thread/INFO]: Zombie Aggressive Towards Villager: true
[16:23:43] [Server thread/INFO]: Nerfing mobs spawned from spawners: false
[16:23:43] [Server thread/INFO]: Preparing start region for dimension minecraft:overworld
[16:23:48] [Server thread/INFO]: Preparing spawn area: 0%
[16:23:48] [Server thread/INFO]: Preparing spawn area: 0%
[16:23:48] [Server thread/INFO]: Preparing spawn area: 0%
[16:23:48] [Server thread/INFO]: Preparing spawn area: 0%
[16:23:48] [Server thread/INFO]: Preparing spawn area: 0%
[16:23:48] [Server thread/INFO]: Preparing spawn area: 0%
[16:23:48] [Server thread/INFO]: Preparing spawn area: 0%
[16:23:48] [Server thread/INFO]: Preparing spawn area: 0%
[16:23:48] [Server thread/INFO]: Preparing spawn area: 0%
[16:23:48] [Server thread/INFO]: Preparing spawn area: 0%
[16:23:48] [Worker-Main-2/INFO]: Preparing spawn area: 0%
[16:23:48] [Worker-Main-2/INFO]: Preparing spawn area: 0%
[16:23:49] [Server thread/INFO]: Preparing spawn area: 58%
[16:23:50] [Server thread/INFO]: Time elapsed: 6977 ms
[16:23:50] [Server thread/INFO]: Preparing start region for dimension minecraft:the_nether
[16:23:54] [Server thread/INFO]: Preparing spawn area: 0%
[16:23:54] [Server thread/INFO]: Preparing spawn area: 0%
[16:23:54] [Server thread/INFO]: Preparing spawn area: 0%
[16:23:54] [Server thread/INFO]: Preparing spawn area: 0%
[16:23:54] [Server thread/INFO]: Preparing spawn area: 0%
[16:23:54] [Server thread/INFO]: Preparing spawn area: 0%
[16:23:54] [Server thread/INFO]: Preparing spawn area: 0%
[16:23:54] [Server thread/INFO]: Preparing spawn area: 0%
[16:23:54] [Server thread/INFO]: Preparing spawn area: 0%
[16:23:54] [Server thread/INFO]: Preparing spawn area: 0%
[16:23:55] [Server thread/INFO]: Preparing spawn area: 0%
[16:23:56] [Server thread/INFO]: Time elapsed: 5896 ms
[16:23:56] [Server thread/INFO]: [Chestinfo] Enabling Chestinfo v1.0
[16:23:56] [Server thread/INFO]: [PlaceholderAPI] Enabling PlaceholderAPI v2.11.2
[16:23:56] [Server thread/WARN]: [PlaceholderAPI] Loaded class com.viaversion.viaversion.api.type.Type from ViaVersion v4.4.2 which is not a depend, softdepend or loadbefore of this plugin.
[16:23:57] [Server thread/WARN]: [PlaceholderAPI] Loaded class net.kyori.adventure.text.Component from PlayerManager v1.0 which is not a depend, softdepend or loadbefore of this plugin.
[16:23:57] [Server thread/INFO]: [PlaceholderAPI] Fetching available expansion information...
[16:23:57] [Server thread/INFO]: [Teleportrequests] Enabling Teleportrequests v1.0
[16:23:57] [Server thread/INFO]: [BigXPBottles] Enabling BigXPBottles v4.7
[16:23:57] [Server thread/INFO]: [SkinsRestorer] Enabling SkinsRestorer v14.2.3
[16:23:58] [Server thread/INFO]: [33;1m[[32;22mSkinsRestorer[33;1m] [0;39m[32;1mDetected Minecraft [33;1mv1_16_R3[32;1m, using [33;1mSpigotSkinRefresher[32;1m.[0;39m[m
[16:23:59] [Server thread/INFO]: [CraftEnhance] Enabling CraftEnhance v2.4.4.4
[16:24:02] [Server thread/WARN]: Initializing Legacy Material Support. Unless you have legacy plugins and/or data this is a bug!
[16:24:16] [Server thread/INFO]: matching shapeless for recipe ItemStack{REDSTONE_BLOCK x 9}: ItemStack{REDSTONE x 9}
[16:24:16] [Server thread/INFO]: matching shapeless for recipe ItemStack{BOOK x 1, UNSPECIFIC_META:{meta-type=UNSPECIFIC, display-name={"extra":[{"bold":false,"italic":false,"underlined":false,"strikethrough":false,"obfuscated":false,"color":"yellow","text":"??????????? ?????"}],"text":""}, lore=[{"extra":[{"bold":false,"italic":false,"underlined":false,"strikethrough":false,"obfuscated":false,"color":"gray","text":"??????"}],"text":""}], enchants={DURABILITY=1}, ItemFlags=[HIDE_ENCHANTS]}}: ItemStack{BOOK x 1}
[16:24:17] [Server thread/INFO]: [0;37;22m[[0;36;1mCraft[0;35;1mEnhance[0;37;22m] [mCraftEnhance is managed and developed by DutchJelly.[m
[16:24:17] [Server thread/INFO]: [0;37;22m[[0;36;1mCraft[0;35;1mEnhance[0;37;22m] [mIf you find a bug in the plugin, please report it to https://dev.bukkit.org/projects/craftenhance.[m
[16:24:17] [Server thread/INFO]: [0;37;22m[[0;36;1mCraft[0;35;1mEnhance[0;37;22m] [mRunning a version check to check that the server is compatible with game version 1.9, 1.10, 1.11, 1.12, 1.13, 1.14, 1.15, 1.16, 1.17, 1.18.[m
[16:24:17] [Server thread/INFO]: [0;37;22m[[0;36;1mCraft[0;35;1mEnhance[0;37;22m] [mThe correct version is installed.[m
[16:24:17] [Server thread/INFO]: [ViaVersion] Enabling ViaVersion v4.4.2
[16:24:17] [Server thread/INFO]: [[MEP]] Enabling Mep v1.0-SNAPSHOT
[16:24:17] [Server thread/INFO]: MEP ????????
[16:24:17] [Server thread/INFO]: [FMCS-ASSISTANT] Enabling FMCSAssistant v1.8
[16:24:17] [Server thread/INFO]: [FMCS-ASSISTANT] Checking for updates...
[16:24:18] [Server thread/INFO]: [FMCS-ASSISTANT] Received remote version: 1.8
[16:24:18] [Server thread/INFO]: [FMCS-ASSISTANT] You are already running the latest version
[16:24:18] [Server thread/INFO]: [FMCS-ASSISTANT] Plugin loading...
[16:24:18] [Server thread/INFO]: [FMCS-ASSISTANT] Plugin config looks right
[16:24:18] [Server thread/INFO]: [FMCS-ASSISTANT] This server is configured as server 831709
[16:24:18] [Server thread/INFO]: [FMCS-ASSISTANT] Testing credentials...
[16:24:18] [Server thread/INFO]: [FMCS-ASSISTANT] Authentication accepted!
[16:24:18] [Server thread/INFO]: [FMCS-ASSISTANT] =============================
[16:24:18] [Server thread/INFO]: [FMCS-ASSISTANT]  ++ Server Information ++
[16:24:18] [Server thread/INFO]: [FMCS-ASSISTANT] Server ID: 831709
[16:24:18] [Server thread/INFO]: [FMCS-ASSISTANT] Server Name: MEP
[16:24:18] [Server thread/INFO]: [FMCS-ASSISTANT] Server Memory: 384
[16:24:18] [Server thread/INFO]: [FMCS-ASSISTANT] Server Latest Renew: 2022-12-20 20:22:01
[16:24:18] [Server thread/INFO]: [FMCS-ASSISTANT] Server Type: High Memory
[16:24:18] [Server thread/INFO]: [FMCS-ASSISTANT] Server Plan: Free
[16:24:18] [Server thread/INFO]: [FMCS-ASSISTANT] Server CPU Quota: 1024
[16:24:18] [Server thread/INFO]: [FMCS-ASSISTANT] Server CPU Share: 0.7
[16:24:18] [Server thread/INFO]: [FMCS-ASSISTANT] Server Jar: Spigot (1.16.5)
[16:24:18] [Server thread/INFO]: [FMCS-ASSISTANT] Server Environment: java11
[16:24:18] [Server thread/INFO]: [FMCS-ASSISTANT] Server Hibernation: true
[16:24:18] [Server thread/INFO]: [FMCS-ASSISTANT] =============================
[16:24:18] [Server thread/INFO]: [FMCS-ASSISTANT] Renewal warnings are enabled in the config
[16:24:18] [Server thread/INFO]: [FMCS-ASSISTANT] Will check remaining time every 5 minutes and warn if less than 15 minutes
[16:24:18] [Server thread/INFO]: [FMCS-ASSISTANT] Telemetry is enabled, telemetry data will be sent every 60 seconds
[16:24:18] [Server thread/INFO]: [FMCS-ASSISTANT] Spindown warnings are enabled in the config
[16:24:18] [Server thread/INFO]: [FMCS-ASSISTANT] Will check for node change (node spindown) every 5 minutes and warn if a node change will happen in less than 15 minutes
[16:24:18] [Server thread/INFO]: [FMCS-ASSISTANT] This server is will hibernate if there are no online players
[16:24:18] [Server thread/INFO]: [FMCS-ASSISTANT] Enabling metrics
[16:24:18] [Server thread/INFO]: [EconomyAPI] Enabling EconomyAPI v1.0
[16:24:19] [Server thread/INFO]: [PlaceholderAPI] Successfully registered expansion: economy [1.0]
[16:24:19] [Server thread/INFO]: [RecipeGen] Enabling RecipeGen v1.0
[16:24:19] [Server thread/INFO]: [InvSee++] Enabling InvSeePlusPlus v0.12.10-SNAPSHOT
[16:24:20] [Server thread/INFO]: [Multiverse-Core] Enabling Multiverse-Core v4.3.0-b846
[16:24:20] [Server thread/WARN]: [Multiverse-Core] "Multiverse-Core v4.3.0-b846" has registered a listener for org.bukkit.event.entity.EntityCreatePortalEvent on method "public void com.onarandombox.MultiverseCore.listeners.MVPortalListener.entityPortalCreate(org.bukkit.event.entity.EntityCreatePortalEvent)", but the event is Deprecated. "Server performance will be affected"; please notify the authors [dumptruckman, Rigby, fernferret, lithium3141, main--].
[16:24:20] [Server thread/INFO]: [Multiverse-Core] ?aWe are aware of the warning about the deprecated event. There is no alternative that allows us to do what we need to do and performance impact is negligible. It is safe to ignore.
[16:24:20] [Server thread/INFO]: -------- World Settings For [world_the_end] --------
[16:24:20] [Server thread/INFO]: Experience Merge Radius: 3.0
[16:24:20] [Server thread/INFO]: Cactus Growth Modifier: 100%
[16:24:20] [Server thread/INFO]: Cane Growth Modifier: 100%
[16:24:20] [Server thread/INFO]: Melon Growth Modifier: 100%
[16:24:20] [Server thread/INFO]: Mushroom Growth Modifier: 100%
[16:24:20] [Server thread/INFO]: Pumpkin Growth Modifier: 100%
[16:24:20] [Server thread/INFO]: Sapling Growth Modifier: 100%
[16:24:20] [Server thread/INFO]: Beetroot Growth Modifier: 100%
[16:24:20] [Server thread/INFO]: Carrot Growth Modifier: 100%
[16:24:20] [Server thread/INFO]: Potato Growth Modifier: 100%
[16:24:20] [Server thread/INFO]: Wheat Growth Modifier: 100%
[16:24:20] [Server thread/INFO]: NetherWart Growth Modifier: 100%
[16:24:20] [Server thread/INFO]: Vine Growth Modifier: 100%
[16:24:20] [Server thread/INFO]: Cocoa Growth Modifier: 100%
[16:24:20] [Server thread/INFO]: Bamboo Growth Modifier: 100%
[16:24:20] [Server thread/INFO]: SweetBerry Growth Modifier: 100%
[16:24:20] [Server thread/INFO]: Kelp Growth Modifier: 100%
[16:24:20] [Server thread/INFO]: Entity Activation Range: An 32 / Mo 32 / Ra 48 / Mi 16 / Tiv true
[16:24:20] [Server thread/INFO]: Hopper Transfer: 8 Hopper Check: 1 Hopper Amount: 1
[16:24:20] [Server thread/INFO]: Custom Map Seeds:  Village: 10387312 Desert: 14357617 Igloo: 14357618 Jungle: 14357619 Swamp: 14357620 Monument: 10387313 Ocean: 14357621 Shipwreck: 165745295 End City: 10387313 Slime: 987234911 Bastion: 30084232 Fortress: 30084232 Mansion: 10387319 Fossil: 14357921 Portal: 34222645
[16:24:20] [Server thread/INFO]: Max TNT Explosions: 100
[16:24:20] [Server thread/INFO]: Tile Max Tick Time: 50ms Entity max Tick Time: 50ms
[16:24:20] [Server thread/INFO]: Mob Spawn Range: 6
[16:24:20] [Server thread/INFO]: Entity Tracking Range: Pl 48 / An 48 / Mo 48 / Mi 32 / Other 64
[16:24:20] [Server thread/INFO]: Allow Zombie Pigmen to spawn from portal blocks: true
[16:24:20] [Server thread/INFO]: View Distance: 5
[16:24:20] [Server thread/INFO]: Item Despawn Rate: 6000
[16:24:20] [Server thread/INFO]: Item Merge Radius: 2.5
[16:24:20] [Server thread/INFO]: Arrow Despawn Rate: 1200 Trident Respawn Rate:1200
[16:24:20] [Server thread/INFO]: Zombie Aggressive Towards Villager: true
[16:24:20] [Server thread/INFO]: Nerfing mobs spawned from spawners: false
[16:24:20] [Server thread/INFO]: Preparing start region for dimension minecraft:the_end
[16:24:22] [Server thread/INFO]: Preparing spawn area: 0%
[16:24:22] [Server thread/INFO]: Preparing spawn area: 0%
[16:24:22] [Server thread/INFO]: Preparing spawn area: 0%
[16:24:22] [Server thread/INFO]: Preparing spawn area: 0%
[16:24:22] [Worker-Main-2/INFO]: Preparing spawn area: 94%
[16:24:23] [Worker-Main-2/INFO]: Preparing spawn area: 94%
[16:24:23] [Worker-Main-2/INFO]: Preparing spawn area: 94%
[16:24:24] [Worker-Main-2/INFO]: Preparing spawn area: 96%
[16:24:24] [Worker-Main-2/INFO]: Preparing spawn area: 97%
[16:24:25] [Server thread/INFO]: Time elapsed: 4300 ms
[16:24:25] [Server thread/INFO]: [Multiverse-Core] 3 - World(s) loaded.
[16:24:25] [Server thread/WARN]: Warning: Nashorn engine is planned to be removed from a future JDK release
[16:24:26] [Server thread/INFO]: [Multiverse-Core] Version 4.3.0-b846 (API v24) Enabled - By dumptruckman, Rigby, fernferret, lithium3141 and main--
[16:24:27] [Server thread/INFO]: [WorldGuard] Enabling WorldGuard v7.0.4+f7ff984
[16:24:27] [Server thread/INFO]: [WorldGuard] (world) TNT ignition is blocked.
[16:24:27] [Server thread/INFO]: [WorldGuard] (world) Lighters are PERMITTED.
[16:24:27] [Server thread/INFO]: [WorldGuard] (world) Lava fire is PERMITTED.
[16:24:27] [Server thread/INFO]: [WorldGuard] (world) Fire spread is UNRESTRICTED.
[16:24:27] [Server thread/INFO]: [WorldGuard] Loaded configuration for world 'world'
[16:24:27] [Server thread/INFO]: [WorldGuard] (world_nether) TNT ignition is blocked.
[16:24:27] [Server thread/INFO]: [WorldGuard] (world_nether) Lighters are PERMITTED.
[16:24:27] [Server thread/INFO]: [WorldGuard] (world_nether) Lava fire is PERMITTED.
[16:24:27] [Server thread/INFO]: [WorldGuard] (world_nether) Fire spread is UNRESTRICTED.
[16:24:27] [Server thread/INFO]: [WorldGuard] Loaded configuration for world 'world_nether'
[16:24:27] [Server thread/INFO]: [WorldGuard] (world_the_end) TNT ignition is blocked.
[16:24:27] [Server thread/INFO]: [WorldGuard] (world_the_end) Lighters are PERMITTED.
[16:24:27] [Server thread/INFO]: [WorldGuard] (world_the_end) Lava fire is PERMITTED.
[16:24:27] [Server thread/INFO]: [WorldGuard] (world_the_end) Fire spread is UNRESTRICTED.
[16:24:27] [Server thread/INFO]: [WorldGuard] Loaded configuration for world 'world_the_end'
[16:24:27] [Server thread/INFO]: [WorldGuard] Loading region data...
[16:24:28] [Server thread/INFO]: [Citizens] Enabling Citizens v2.0.30-SNAPSHOT (build 2739)
[16:24:29] [Server thread/WARN]: [Citizens] Loaded class net.kyori.adventure.text.Component from PlayerManager v1.0 which is not a depend, softdepend or loadbefore of this plugin.
[16:24:30] [Server thread/INFO]: [PlaceholderAPI] Successfully registered expansion: citizensplaceholder [1.0.0]
[16:24:30] [Server thread/INFO]: [Citizens] Loaded economy handling via Vault.
[16:24:30] [Server thread/INFO]: [PlayerManager] Enabling PlayerManager v1.0
[16:24:30] [Server thread/INFO]: [ChestCommands] Enabling ChestCommands v4.0.3
[16:24:30] [Server thread/WARN]: [ChestCommands] Couldn't find Vault and a compatible economy plugin! Money-related features will not work.
[16:24:30] [Server thread/INFO]: [ChestCommands] Hooked PlaceholderAPI
[16:24:31] [Server thread/INFO]: [MythicMobs] Enabling MythicMobs v4.14.1-47dddd45
[16:24:31] [Server thread/WARN]: [MythicMobs] Loaded class net.kyori.adventure.text.Component from PlayerManager v1.0 which is not a depend, softdepend or loadbefore of this plugin.
[16:24:31] [Server thread/ERROR]: [MythicMobs] Plugin MythicMobs v4.14.1-47dddd45 has failed to register events for class io.lumine.xikage.mythicmobs.adapters.bukkit.listeners.MobListeners because org/bukkit/event/world/EntitiesLoadEvent does not exist.
[16:24:31] [Server thread/INFO]: [MythicMobs] Loading MythicMobs for Spigot (MC: 1.16.5)...[0m
[16:24:31] [Server thread/INFO]: [MythicMobs] The server is running Spigot; disabled PaperSpigot exclusive functionality[0m
[16:24:32] [Server thread/INFO]: Reflections took 202 ms to scan 1 urls, producing 3 keys and 21 values 
[16:24:32] [Server thread/INFO]: Reflections took 86 ms to scan 1 urls, producing 3 keys and 27 values 
[16:24:32] [Server thread/INFO]: Reflections took 8 ms to scan 1 urls, producing 0 keys and 0 values 
[16:24:32] [Server thread/INFO]: Reflections took 89 ms to scan 1 urls, producing 3 keys and 12 values 
[16:24:32] [Server thread/INFO]: [MythicMobs] MythicMobs PlaceholderAPI Support has been enabled![0m
[16:24:32] [Server thread/INFO]: [MythicMobs] MythicMobs Vault Support has been enabled![0m
[16:24:32] [Server thread/INFO]: [MythicMobs] MythicMobs WorldGuard Support has been enabled![0m
[16:24:32] [Server thread/INFO]: [MythicMobs] Loading Mob Registry...[0m
[16:24:32] [Server thread/INFO]: [MythicMobs] Base directory /server/server-data/plugins/MythicMobs/SavedData
[16:24:32] [Server thread/INFO]: [MythicMobs] Module directory /server/server-data/plugins/MythicMobs/SavedData/worlds
[16:24:32] [Server thread/INFO]: Reflections took 94 ms to scan 1 urls, producing 11 keys and 391 values 
[16:24:33] [Server thread/INFO]: Reflections took 115 ms to scan 1 urls, producing 25 keys and 739 values 
[16:24:33] [Server thread/INFO]: Reflections took 89 ms to scan 1 urls, producing 7 keys and 133 values 
[16:24:33] [Server thread/INFO]: Reflections took 8 ms to scan 1 urls, producing 2 keys and 11 values 
[16:24:33] [Server thread/INFO]: [MythicMobs] [36mLOADED[0m
[16:24:34] [Server thread/WARN]: [MythicMobs] ?[33m Config Error for Mob '[4mLight[0m[33m' in 'ExampleSkills.yml': [37mCould not load MythicMob Light! No Type specified.[0m[0m
[16:24:34] [Server thread/WARN]: [MythicMobs] ?[33m Config Error for Mob '[4mExpl[0m[33m' in 'ExampleSkills.yml': [37mCould not load MythicMob Expl! No Type specified.[0m[0m
[16:24:34] [Server thread/WARN]: [MythicMobs] ?[33m Config Error for Mob '[4mHeal80[0m[33m' in 'ExampleSkills.yml': [37mCould not load MythicMob Heal80! No Type specified.[0m[0m
[16:24:34] [Server thread/INFO]: [MythicMobs] [32m?[37m Loaded 13 mobs.[0m
[16:24:34] [Server thread/INFO]: [MythicMobs] [32m?[37m Loaded 3 vanilla mob overrides.[0m
[16:24:34] [Server thread/INFO]: [MythicMobs] [32m?[37m Loaded 0 mob stacks.[0m
[16:24:34] [Server thread/INFO]: [MythicMobs] [32m?[37m Loaded 3 skills.[0m
[16:24:34] [Server thread/INFO]: [MythicMobs] [32m?[37m Loaded 0 random spawns.[0m
[16:24:34] [Server thread/INFO]: [MythicMobs] [32m?[37m Loaded 4 mythic items.[0m
[16:24:34] [Server thread/INFO]: [MythicMobs] [32m?[37m Loaded 2 drop tables.[0m
[16:24:34] [Server thread/INFO]: [MythicMobs] [32m?[37m Loaded 0 mob spawners.[0m
[16:24:34] [Server thread/INFO]: [MythicMobs] MythicMobs configuration file loaded successfully.[0m
[16:24:34] [Server thread/ERROR]: [MythicMobs] Plugin MythicMobs v4.14.1-47dddd45 has failed to register events for class io.lumine.xikage.mythicmobs.adapters.bukkit.BukkitSkillTriggers because com/destroystokyo/paper/event/entity/CreeperIgniteEvent does not exist.
[16:24:34] [Server thread/INFO]: [MythicMobs] Started up bStats Metrics[0m
[16:24:34] [Server thread/INFO]: [MythicMobs] [32m? MythicMobs v4.14.1 (build 47dddd45) has been successfully loaded![0m[0m
[16:24:34] [Server thread/INFO]: [DeluxeMenus] Enabling DeluxeMenus v1.13.6-Release
[16:24:34] [Server thread/INFO]: [DeluxeMenus] Successfully hooked into PlaceholderAPI!
[16:24:34] [Server thread/WARN]: [DeluxeMenus] Loaded class net.kyori.adventure.text.Component from PlayerManager v1.0 which is not a depend, softdepend or loadbefore of this plugin.
[16:24:35] [Server thread/INFO]: [DeluxeMenus] 9 GUI menus loaded!
[16:24:35] [Server thread/INFO]: [DeluxeMenus] You are running the latest version of DeluxeMenus!
[16:24:35] [Server thread/INFO]: [PlaceholderAPI] Successfully registered expansion: deluxemenus [1.13.6-Release]
[16:24:35] [Server thread/INFO]: [CrazyAuctions] Enabling CrazyAuctions v1.2.16-RELEASE
[16:24:35] [Server thread/INFO]: [CrazyAuctions] Loading the config.yml
[16:24:35] [Server thread/INFO]: [CrazyAuctions] Successfully loaded config.yml
[16:24:35] [Server thread/INFO]: [CrazyAuctions] Loading the Data.yml
[16:24:35] [Server thread/INFO]: [CrazyAuctions] Successfully loaded Data.yml
[16:24:35] [Server thread/INFO]: [CrazyAuctions] Loading the Messages.yml
[16:24:35] [Server thread/INFO]: [CrazyAuctions] Successfully loaded Messages.yml
[16:24:35] [Server thread/INFO]: [CrazyAuctions] Loading the Test-File.yml
[16:24:35] [Server thread/INFO]: [CrazyAuctions] Successfully loaded Test-File.yml
[16:24:35] [Server thread/INFO]: [TAB] Enabling TAB v2.8.8
[16:24:35] [Server thread/INFO]: [0;37;22m[TAB] Server version: 1.16.5 (v1_16_R3)[m
[16:24:35] [Server thread/INFO]: [0;31;1m[TAB] File [0;33;1mplugins/TAB/errors.txt[0;31;1m exists and is not empty. Please take a look at the errors and try to correct them. You can also join our discord for assistance. After you resolve them, delete the file.[m
[16:24:35] [Server thread/INFO]: [0;34;1m[TAB] Hint: Found used PlaceholderAPI placeholder "[0;35;1m%statistic_deaths%[0;34;1m". Consider replacing it with plugin's internal "[0;35;1m%deaths%[0;34;1m" for better performance.[m
[16:24:36] [Server thread/INFO]: [0;31;1m[TAB] Unknown scoreboard [0;33;1m"twscoreboard"[0;31;1m set as per-world scoreboard in world [0;33;1m"testworld"[0;31;1m.[m
[16:24:36] [Server thread/INFO]: [0;31;1m[TAB] Unknown scoreboard [0;33;1m"scoreboard1"[0;31;1m set as if-condition-not-met of scoreboard [0;33;1m"admin"[0;31;1m.[m
[16:24:36] [Server thread/INFO]: [PlaceholderAPI] Successfully registered expansion: tab [2.8.8]
[16:24:36] [Server thread/INFO]: [0;33;1m[TAB] There were 3 startup warnings.[m
[16:24:36] [Server thread/INFO]: [0;32;1m[TAB] Enabled in 693ms[m
[16:24:36] [Server thread/INFO]: [GSit] Enabling GSit v1.2.7
[16:24:36] [Server thread/INFO]: [0;37;22m[[0;33;22mGSit[0;37;22m][0;32;1m The plugin was successfully enabled.[m
[16:24:36] [Server thread/INFO]: [0;37;22m[[0;33;22mGSit[0;37;22m][0;32;1m Link with[0;33;22m WorldGuard[0;32;1m successful![m
[16:24:36] [Server thread/INFO]: [0;37;22m[[0;33;22mGSit[0;37;22m][0;32;1m Link with[0;33;22m PlaceholderAPI[0;32;1m successful![m
[16:24:36] [Server thread/INFO]: [PlaceholderAPI] Successfully registered expansion: gsit [1.2.7]
[16:24:36] [Server thread/INFO]: [SuperVanish] Enabling SuperVanish v6.2.12
[16:24:36] [Server thread/INFO]: [SuperVanish] Please install ProtocolLib to be able to use all SuperVanish features: https://www.spigotmc.org/resources/protocollib.1997/
[16:24:36] [Thread-13/INFO]: [0;32;1m[TAB] Version 2.9.2 is out! Your version: 2.8.8[m
[16:24:36] [Thread-13/INFO]: [0;32;1m[TAB] Get the update at https://www.spigotmc.org/resources/83967/[m
[16:24:36] [Server thread/INFO]: [PlaceholderAPI] Successfully registered expansion: supervanish [6.2.12]
[16:24:36] [Server thread/INFO]: [SuperVanish] Hooked into PlaceholderAPI
[16:24:36] [Server thread/INFO]: [SuperVanish] Hooked into Citizens
[16:24:36] [Server thread/INFO]: [CombatLogX] Enabling CombatLogX v11.1.0.7.1025
[16:24:38] [Server thread/INFO]: [0;32;1m[21mCombatLogX ??? ??????? ????????.[m
[16:24:38] [Server thread/INFO]: [CombatLogX] Enabling expansions...
[16:24:38] [Server thread/INFO]: [CombatLogX] Enabling expansion 'Boss Bar v16.9'...
[16:24:38] [Server thread/INFO]: [CombatLogX]  
[16:24:38] [Server thread/INFO]: [CombatLogX] Enabling expansion 'Cheat Prevention v16.23'...
[16:24:38] [Server thread/INFO]: [CombatLogX]  
[16:24:38] [Server thread/INFO]: [CombatLogX] Enabling expansion 'MythicMobs Compatibility v16.6'...
[16:24:38] [Server thread/INFO]: [CombatLogX] [MythicMobs Compatibility] Successfully found a dependency: MythicMobs v4.14.1-47dddd45
[16:24:38] [Server thread/INFO]: [CombatLogX] [MythicMobs Compatibility] Dependency 'MythicMobs' is not the correct version!
[16:24:38] [Server thread/INFO]: [CombatLogX] Disabling expansion 'MythicMobs Compatibility v16.6'...
[16:24:38] [Server thread/INFO]: [CombatLogX]  
[16:24:38] [Server thread/INFO]: [CombatLogX] Successfully enabled 2 expansions.
[16:24:38] [Server thread/INFO]: [0;32;1m[21mCombatLogX ??? ??????? ???????.[m
[16:24:38] [Server thread/INFO]: [ChatManager] Enabling ChatManager v3.7.7
[16:24:38] [Server thread/INFO]: [ChatManager] Hooked into: PlaceholderAPI v2.11.2
[16:24:38] [Server thread/INFO]: [PlaceholderAPI] Successfully registered expansion: chatmanager [3.7.7]
[16:24:38] [Server thread/INFO]: [ChatManager] Hooked into: Vault v1.7.3-b131
[16:24:38] [Server thread/INFO]: [ChatManager] Hooked into: SuperVanish v6.2.12
[16:24:38] [Server thread/INFO]: [ChatManager] Hooked into: LuckPerms v5.4.46
[16:24:38] [Server thread/INFO]: [ChatManager] Plugin is up to date - v3.7.7
[16:24:38] [Server thread/INFO]: [ChatManager] Starting Metrics.
[16:24:38] [Server thread/INFO]: =========================[m
[16:24:38] [Server thread/INFO]: Chat Manager[m
[16:24:38] [Server thread/INFO]: Version 3.7.7[m
[16:24:38] [Server thread/INFO]: Author: H1DD3NxN1NJA[m
[16:24:38] [Server thread/INFO]: =========================[m
[16:24:38] [Server thread/INFO]: [LootChest] Enabling LootChest v2.3.3
[16:24:38] [Server thread/INFO]: [LootChest] Server version: 1.16
[16:24:38] [Server thread/INFO]: [LootChest] Loading config files...
[16:24:38] [Server thread/INFO]: [LootChest] Checking for update...
[16:24:38] [Server thread/INFO]: [LootChest] Starting particles...
[16:24:39] [Server thread/INFO]: [InvSee++_Clear] Enabling InvSeePlusPlus_Clear v0.12.10-SNAPSHOT
[16:24:39] [Server thread/INFO]: [InvSee++_Give] Enabling InvSeePlusPlus_Give v0.12.10-SNAPSHOT
[16:24:39] [Server thread/INFO]: [ExecutableItems] Enabling ExecutableItems v2.6.5.3
[16:24:39] [Server thread/INFO]: ================ [ExecutableItems] ================
[16:24:40] [Server thread/INFO]: [ExecutableItems] Load Locale_EN.yml
[16:24:40] [Server thread/INFO]: [ExecutableItems] Connexion to the db...
[16:24:40] [Server thread/INFO]: [ExecutableItems] Verification of the table Commands...
[16:24:40] [Server thread/INFO]: [ExecutableItems] Verification of the table SecurityOP...
[16:24:40] [Server thread/INFO]: [ExecutableItems] WorldGuard hooked !
[16:24:40] [Server thread/INFO]: [ExecutableItems] Vault hooked !
[16:24:40] [Server thread/INFO]: ================ [ExecutableItems] ================
[16:24:40] [Server thread/INFO]: [CitizensCMD] Enabling CitizensCMD v2.6.6
[16:24:40] [Server thread/WARN]: [CitizensCMD] Loaded class net.kyori.adventure.text.Component from PlayerManager v1.0 which is not a depend, softdepend or loadbefore of this plugin.
[16:24:41] [Server thread/INFO]: [0;37;1m[[0;36;22mCitizens[0;31;1mCMD[0;37;1m][m [0;36;22mCitizens[0;31;1mCMD [0;30;1m[3m2.6.6[m
[16:24:41] [Server thread/INFO]: [0;37;1m[[0;36;22mCitizens[0;31;1mCMD[0;37;1m][m [0;30;1mby [0;36;22mMateus Moreira [0;31;1m@LichtHund [0;30;1m& Maintained by [0;36;22mHexedHero[m
[16:24:41] [Server thread/INFO]: [0;37;1m[[0;36;22mCitizens[0;31;1mCMD[0;37;1m][m [0;37;22mUsing [0;32;1mEnglish [0;37;22mmessages![m
[16:24:41] [Server thread/INFO]: [0;37;1m[[0;36;22mCitizens[0;31;1mCMD[0;37;1m][m [0;37;22mUsing [0;32;1mPlaceholderAPI[0;37;22m![m
[16:24:42] [Server thread/INFO]: [0;37;1m[[0;36;22mCitizens[0;31;1mCMD[0;37;1m][m [0;36;1m[3mA new version of CitizensCMD is now available:[m
[16:24:42] [Server thread/INFO]: [0;37;1m[[0;36;22mCitizens[0;31;1mCMD[0;37;1m][m [0;36;1m[3mhttps://www.spigotmc.org/resources/30224[m
[16:24:42] [Server thread/INFO]: Server permissions file permissions.yml is empty, ignoring it
[16:24:43] [Server thread/INFO]: [PlaceholderAPI] Placeholder expansion registration initializing...
[16:24:43] [Server thread/INFO]: Done (62.810s)! For help, type "help"
[16:24:43] [Server thread/INFO]: [ViaVersion] ViaVersion detected server version: 1.16.4/5 (754)
[16:24:43] [Server thread/WARN]: [ViaVersion] You are running an outdated Java version, please consider updating it to at least Java 17 (your version is 11.0.16.1). At some point in the future, ViaVersion will no longer be compatible with this version of Java.
[16:24:44] [Server thread/INFO]: [FMCS-ASSISTANT] Server is now hibernating - You can safely ignore the "Can't keep up messages" and low TPS, the server will return to normal once a player joins
[16:24:44] [Craft Scheduler Thread - 2/INFO]: [0;37;22m[[0;36;1mCraft[0;35;1mEnhance[0;37;22m] [mThere's a new version (2.4.4) of the plugin available on https://dev.bukkit.org/projects/craftenhance/files.[m
[16:24:44] [Craft Scheduler Thread - 1/INFO]: [33;1m[[32;22mSkinsRestorer[33;1m] [0;39m[32;1m----------------------------------------------[0;39m[m
[16:24:44] [Craft Scheduler Thread - 1/INFO]: [33;1m[[32;22mSkinsRestorer[33;1m] [0;39m[32;1m    +==================+[0;39m[m
[16:24:44] [Craft Scheduler Thread - 1/INFO]: [33;1m[[32;22mSkinsRestorer[33;1m] [0;39m[32;1m    |   SkinsRestorer  |[0;39m[m
[16:24:44] [Craft Scheduler Thread - 1/INFO]: [33;1m[[32;22mSkinsRestorer[33;1m] [0;39m[32;1m    |------------------|[0;39m[m
[16:24:44] [Craft Scheduler Thread - 1/INFO]: [33;1m[[32;22mSkinsRestorer[33;1m] [0;39m[32;1m    |  [34;1m[4m[21mStandalone Mode[0;39m[32;1m |[0;39m[m
[16:24:44] [Craft Scheduler Thread - 1/INFO]: [33;1m[[32;22mSkinsRestorer[33;1m] [0;39m[32;1m    +==================+[0;39m[m
[16:24:44] [Craft Scheduler Thread - 1/INFO]: [33;1m[[32;22mSkinsRestorer[33;1m] [0;39m[32;1m----------------------------------------------[0;39m[m
[16:24:44] [Craft Scheduler Thread - 1/INFO]: [33;1m[[32;22mSkinsRestorer[33;1m] [0;39m[36;1m    Current version: [32;1m14.2.3[0;39m[m
[16:24:44] [Craft Scheduler Thread - 1/INFO]: [33;1m[[32;22mSkinsRestorer[33;1m] [0;39m[32;1m    This is the latest version![0;39m[m
[16:24:44] [Craft Scheduler Thread - 1/INFO]: [33;1m[[32;22mSkinsRestorer[33;1m] [0;39m[32;1m----------------------------------------------[0;39m[m
[16:24:45] [Server thread/INFO]: [LootChest] Loading chests...
[16:24:45] [Server thread/INFO]: [LootChest] Removed 0 holograms
[16:24:45] [Server thread/INFO]: [LootChest] Loaded 1 Lootchests in 202 miliseconds
[16:24:45] [Server thread/INFO]: [LootChest] Starting LootChest timers asynchronously...
[16:24:45] [Server thread/INFO]: [LootChest] Plugin loaded
[16:24:45] [Craft Scheduler Thread - 1/INFO]: [Blue Slime Core]  
[16:24:45] [Craft Scheduler Thread - 1/INFO]: [Blue Slime Core] [Update Checker] A possible update was found for plugin 'BlueSlimeCore'.
[16:24:45] [Craft Scheduler Thread - 1/INFO]: [Blue Slime Core] [Update Checker] Current Version: 2.6.1.222-Beta
[16:24:45] [Craft Scheduler Thread - 1/INFO]: [Blue Slime Core] [Update Checker] New Version: 2.6.0.18
[16:24:45] [Craft Scheduler Thread - 1/INFO]: [Blue Slime Core] [Update Checker] Download Link: https://www.spigotmc.org/resources/83189/
[16:24:45] [Craft Scheduler Thread - 1/INFO]: [Blue Slime Core]  
[16:24:45] [Craft Scheduler Thread - 1/INFO]: [Blue Slime Core] [Update Checker] There are no updates available for plugin 'CombatLogX'.
[16:24:45] [Craft Scheduler Thread - 4/INFO]: [LootChest] ?aThe plugin seems up to date.
[16:24:46] [Server thread/INFO]: [Citizens] Loaded 4 NPCs.
[16:24:46] [Server thread/WARN]: [MythicMobs] ?[33m Config Error for Drop '[4mSkeletonKingDrops[0m[33m' in 'plugins/MythicMobs/Mobs/ExampleMobs.yml': [37mDrop type not found.[0m[0m
[16:24:46] [Server thread/INFO]: [CombatLogX] Successfully enabled 0 late-load expansions.
[16:24:46] [Craft Scheduler Thread - 3/INFO]: [Vault] Checking for Updates ... 
[16:24:46] [Server thread/INFO]: [PlaceholderAPI] Successfully registered expansion: statistic [2.0.1]
[16:24:46] [Server thread/INFO]: [PlaceholderAPI] Successfully registered expansion: Advancements [1.7]
[16:24:46] [Server thread/WARN]: [PlaceholderAPI] Loaded class net.milkbowl.vault.economy.Economy from Vault v1.7.3-b131 which is not a depend, softdepend or loadbefore of this plugin.
[16:24:46] [Server thread/INFO]: [PlaceholderAPI] Successfully registered expansion: vault [1.7.1]
[16:24:46] [Server thread/INFO]: [PlaceholderAPI] Successfully registered expansion: player [2.0.3]
[16:24:46] [Server thread/INFO]: [0;32;1m4 placeholder hook(s) registered![m
[16:24:46] [Server thread/INFO]: [ViaVersion] Finished mapping loading, shutting down loader executor!
[16:24:46] [Craft Scheduler Thread - 3/INFO]: [Vault] No new version available
[16:24:49] [Server thread/WARN]: Can't keep up! Is the server overloaded? Running 5335ms or 106 ticks behind
[16:24:49] [User Authenticator #1/INFO]: UUID of player Vineer is 27f0e443-bfa9-33fc-b466-7d01357a3e3b
[16:24:53] [Server thread/INFO]: Vineer[/89.151.39.132:13368] logged in with entity id 170 at ([world]-758.8086043416872, 125.0, -800.2053867086472)
[16:24:54] [Server thread/INFO]: [FMCS-ASSISTANT] Server stopped hibernating
[16:25:05] [Server thread/INFO]: Vineer issued server command: /l 0192837465Ty+-
[16:25:12] [Server thread/INFO]: Vineer issued server command: /home villagers
[16:25:20] [Server thread/WARN]: Entity EntityPlayer['Vineer'/170, l='ServerLevel[world]', x=-759.50, y=124.00, z=-808.50](Vineer at -759.5,124.0,-808.5) left loaded chunk area
[16:25:34] [Server thread/WARN]: Can't keep up! Is the server overloaded? Running 15147ms or 302 ticks behind
[16:25:45] [Server thread/INFO]: Vineer issued server command: /home home3
[16:25:51] [Server thread/WARN]: Entity EntityPlayer['Vineer'/170, l='ServerLevel[world]', x=1488.50, y=65.00, z=1485.50](Vineer at 1488.5,65.0,1485.5) left loaded chunk area
[16:25:54] [Server thread/WARN]: Ignoring unknown attribute 'generic.maxHealth'
[16:25:54] [Server thread/WARN]: Ignoring unknown attribute 'generic.attackDamage'
[16:25:55] [Server thread/WARN]: Ignoring unknown attribute 'generic.maxHealth'
[16:25:55] [Server thread/WARN]: Ignoring unknown attribute 'generic.attackDamage'
[16:26:03] [Server thread/WARN]: Ignoring unknown attribute 'generic.maxHealth'
[16:26:03] [Server thread/WARN]: Ignoring unknown attribute 'generic.attackDamage'
[16:26:09] [Server thread/INFO]: [0;33;22mOh no! [0;36;1mVineer [0;33;22mfound the chest [0;36;1mdungermaster [0;33;22mand took everything in it![m
[16:26:15] [Server thread/INFO]: Vineer issued server command: /home villagers
[16:26:22] [Server thread/WARN]: Entity EntityPlayer['Vineer'/170, l='ServerLevel[world]', x=-759.50, y=124.00, z=-808.50](Vineer at -759.5,124.0,-808.5) left loaded chunk area
[16:26:43] [Server thread/INFO]: Vineer issued server command: /plugins
[16:27:49] [Server thread/INFO]: Vineer issued server command: /home villagers
[16:28:08] [Server thread/INFO]: Vineer lost connection: Disconnected
[16:28:08] [Server thread/INFO]: Vineer left the server
[16:28:08] [Server thread/INFO]: [FMCS-ASSISTANT] Server is now hibernating - You can safely ignore the "Can't keep up messages" and low TPS, the server will return to normal once a player joins
[16:28:11] [Server thread/INFO]: [FMCS-ASSISTANT] Unloaded 5 chunks
[16:28:14] [Server thread/WARN]: Can't keep up! Is the server overloaded? Running 5219ms or 104 ticks behind
[16:32:40] [User Authenticator #2/INFO]: UUID of player Vineer is 27f0e443-bfa9-33fc-b466-7d01357a3e3b
[16:32:42] [Server thread/INFO]: Vineer[/89.151.39.132:59142] logged in with entity id 63487 at ([world]-762.0445640235789, 124.0, -799.5689034196563)
[16:32:42] [Server thread/INFO]: [FMCS-ASSISTANT] Server stopped hibernating
[16:32:45] [Server thread/INFO]: Vineer issued server command: /l 1
[16:32:49] [Server thread/INFO]: Vineer issued server command: /l 0192837465Ty+-
[16:32:52] [Server thread/WARN]: Can't keep up! Is the server overloaded? Running 248194ms or 4963 ticks behind
[16:32:52] [Server thread/INFO]: Vineer issued server command: /home villagers
[16:32:58] [Server thread/WARN]: Entity EntityPlayer['Vineer'/63487, l='ServerLevel[world]', x=-759.50, y=124.00, z=-808.50](Vineer at -759.5,124.0,-808.5) left loaded chunk area
[16:33:05] [Server thread/INFO]: Vineer issued server command: /home villagers
[16:33:15] [Server thread/INFO]: Vineer issued server command: /home villagers
[16:34:22] [Server thread/INFO]: Vineer issued server command: /home villagers
[16:34:33] [Server thread/INFO]: Vineer issued server command: /home villagers
[16:37:01] [Server thread/INFO]: Vineer issued server command: /home home
[16:37:31] [Server thread/INFO]: Vineer issued server command: /home villagers
[16:40:27] [Server thread/INFO]: Vineer issued server command: /home home
[16:42:26] [Server thread/INFO]: Vineer issued server command: /home villagers
[16:44:09] [Server thread/INFO]: Vineer issued server command: /home home
[16:44:45] [Server thread/INFO]: Vineer issued server command: /home villagers
[16:45:59] [Server thread/INFO]: Vineer issued server command: /home villagers
[16:46:42] [Server thread/INFO]: Vineer issued server command: /home villagers
[16:46:47] [Server thread/WARN]: Entity EntityPlayer['Vineer'/63487, l='ServerLevel[world]', x=-759.50, y=124.00, z=-808.50](Vineer at -759.5,124.0,-808.5) left loaded chunk area
[16:47:49] [Server thread/INFO]: Vineer issued server command: /home home
[16:48:25] [Server thread/INFO]: Vineer issued server command: /home farm
[16:48:30] [Server thread/WARN]: Entity EntityPlayer['Vineer'/63487, l='ServerLevel[world_nether]', x=-836.50, y=240.50, z=383.50](Vineer at -836.5,240.5,383.5) left loaded chunk area
[16:50:22] [Server thread/INFO]: Vineer issued server command: /home farm
[16:52:59] [Server thread/INFO]: Vineer issued server command: /home home
[16:53:04] [Server thread/WARN]: Entity EntityPlayer['Vineer'/63487, l='ServerLevel[world_nether]', x=-708.50, y=128.00, z=192.50](Vineer at -708.5,128.0,192.5) left loaded chunk area
[16:53:11] [Server thread/INFO]: Vineer issued server command: /home farm
[16:53:16] [Server thread/WARN]: Entity EntityPlayer['Vineer'/63487, l='ServerLevel[world_nether]', x=-836.50, y=240.50, z=383.50](Vineer at -836.5,240.5,383.5) left loaded chunk area
[16:53:56] [Server thread/INFO]: Vineer issued server command: /home farm
[16:55:19] [Server thread/INFO]: Vineer issued server command: /home home
[16:55:24] [Server thread/WARN]: Entity EntityPlayer['Vineer'/63487, l='ServerLevel[world_nether]', x=-708.50, y=128.00, z=192.50](Vineer at -708.5,128.0,192.5) left loaded chunk area
[16:55:47] [Server thread/INFO]: Vineer issued server command: /shop hunter
[16:56:02] [Server thread/INFO]: Vineer issued server command: /shop miner
[16:57:37] [Server thread/INFO]: Vineer issued server command: /home farm
[16:57:43] [Server thread/WARN]: Entity EntityPlayer['Vineer'/63487, l='ServerLevel[world_nether]', x=-836.50, y=240.50, z=383.50](Vineer at -836.5,240.5,383.5) left loaded chunk area
[16:57:46] [Server thread/INFO]: Vineer issued server command: /home fort
[16:59:12] [Server thread/INFO]: Vineer lost connection: Disconnected
[16:59:12] [Server thread/INFO]: Vineer left the server
[16:59:12] [Server thread/INFO]: [FMCS-ASSISTANT] Server is now hibernating - You can safely ignore the "Can't keep up messages" and low TPS, the server will return to normal once a player joins
[16:59:14] [Server thread/INFO]: [FMCS-ASSISTANT] Unloaded 65 chunks
[16:59:18] [Server thread/WARN]: Can't keep up! Is the server overloaded? Running 5320ms or 106 ticks behind
[17:09:21] [Server thread/WARN]: Can't keep up! Is the server overloaded? Running 572925ms or 11458 ticks behind
[17:10:29] [User Authenticator #3/INFO]: UUID of player Vineer is 27f0e443-bfa9-33fc-b466-7d01357a3e3b
[17:10:30] [Server thread/INFO]: Vineer[/89.151.39.132:62830] logged in with entity id 210341 at ([world_nether]-1380.2754227539983, 53.7967356006687, 20.81586599355251)
[17:10:30] [Server thread/INFO]: [FMCS-ASSISTANT] Server stopped hibernating
[17:10:39] [Server thread/WARN]: Can't keep up! Is the server overloaded? Running 48331ms or 966 ticks behind
[17:10:45] [Server thread/INFO]: Vineer issued server command: /l 0192837465Ty+-
[17:11:11] [Server thread/INFO]: Vineer issued server command: /home fort
[17:11:43] [Server thread/INFO]: Vineer issued server command: /locate fortress
[17:12:05] [Server thread/INFO]: Vineer issued server command: /locate fortress
[17:12:13] [Server thread/INFO]: Vineer issued server command: /locate fortress
[17:12:26] [Server thread/INFO]: Vineer issued server command: /locate fortress
[17:12:30] [Server thread/INFO]: Vineer issued server command: /tp @s -208 ~ 0
[17:12:30] [Server thread/WARN]: Entity EntityPlayer['Vineer'/210341, l='ServerLevel[world_nether]', x=-207.50, y=53.00, z=0.50](Vineer at -207.5,53.0,0.5) left loaded chunk area
[17:12:30] [Server thread/INFO]: [Vineer: Teleported Vineer to -207.5, 53.0, 0.5]
[17:13:21] [Server thread/INFO]: Vineer issued server command: /sethome fort
[17:24:24] [Server thread/INFO]: Vineer issued server command: /home fort
[17:24:37] [Server thread/INFO]: Vineer issued server command: /sethome fort
[17:24:51] [Server thread/INFO]: Vineer issued server command: /home home
[17:24:57] [Server thread/WARN]: Entity EntityPlayer['Vineer'/210341, l='ServerLevel[world_nether]', x=-708.50, y=128.00, z=192.50](Vineer at -708.5,128.0,192.5) left loaded chunk area
[17:26:09] [Server thread/INFO]: Vineer issued server command: /home fort
[17:31:04] [Server thread/INFO]: Vineer issued server command: /home home
[17:31:09] [Server thread/WARN]: Entity EntityPlayer['Vineer'/210341, l='ServerLevel[world_nether]', x=-708.50, y=128.00, z=192.50](Vineer at -708.5,128.0,192.5) left loaded chunk area
[17:31:37] [Server thread/INFO]: Vineer issued server command: /home fort
[17:32:03] [Server thread/INFO]: Vineer issued server command: /gamemode spectator
[17:32:03] [Server thread/INFO]: [Vineer: Set own game mode to Spectator Mode]
[17:32:12] [Server thread/INFO]: Vineer issued server command: /gamemode survival
[17:32:12] [Server thread/INFO]: [Vineer: Set own game mode to Survival Mode]
[17:32:28] [Server thread/INFO]: Vineer issued server command: /gamemode spectator
[17:32:28] [Server thread/INFO]: [Vineer: Set own game mode to Spectator Mode]
[17:32:30] [Server thread/INFO]: Vineer issued server command: /gamemode survival
[17:32:30] [Server thread/INFO]: [Vineer: Set own game mode to Survival Mode]
[17:32:40] [Server thread/INFO]: Vineer issued server command: /home fort
[17:34:01] [Server thread/INFO]: Vineer issued server command: /gamemode spectator
[17:34:01] [Server thread/INFO]: [Vineer: Set own game mode to Spectator Mode]
[17:34:04] [Server thread/INFO]: Vineer issued server command: /gamemode survival
[17:34:04] [Server thread/INFO]: [Vineer: Set own game mode to Survival Mode]
[17:34:39] [Server thread/INFO]: Vineer issued server command: /home fort
[17:36:49] [Server thread/INFO]: Vineer issued server command: /gamemode spectator
[17:36:49] [Server thread/INFO]: [Vineer: Set own game mode to Spectator Mode]
[17:36:52] [Server thread/INFO]: Vineer issued server command: /gamemode survival
[17:36:52] [Server thread/INFO]: [Vineer: Set own game mode to Survival Mode]
[17:38:26] [Server thread/INFO]: Vineer issued server command: /gamemode spectator
[17:38:26] [Server thread/INFO]: [Vineer: Set own game mode to Spectator Mode]
[17:38:29] [Server thread/INFO]: Vineer issued server command: /gamemode survival
[17:38:29] [Server thread/INFO]: [Vineer: Set own game mode to Survival Mode]
[17:38:37] [Server thread/INFO]: Vineer issued server command: /gamemode spectator
[17:38:37] [Server thread/INFO]: [Vineer: Set own game mode to Spectator Mode]
[17:38:40] [Server thread/INFO]: Vineer issued server command: /gamemode survival
[17:38:40] [Server thread/INFO]: [Vineer: Set own game mode to Survival Mode]
[17:38:46] [Server thread/INFO]: Vineer issued server command: /gamemode spectator
[17:38:46] [Server thread/INFO]: [Vineer: Set own game mode to Spectator Mode]
[17:38:49] [Server thread/INFO]: Vineer issued server command: /gamemode survival
[17:38:49] [Server thread/INFO]: [Vineer: Set own game mode to Survival Mode]
[17:39:01] [Server thread/INFO]: Vineer issued server command: /gamemode spectator
[17:39:01] [Server thread/INFO]: [Vineer: Set own game mode to Spectator Mode]
[17:39:06] [Server thread/INFO]: Vineer issued server command: /gamemode survival
[17:39:06] [Server thread/INFO]: [Vineer: Set own game mode to Survival Mode]
[17:39:55] [Server thread/INFO]: Vineer issued server command: /gamemode spectator
[17:39:55] [Server thread/INFO]: [Vineer: Set own game mode to Spectator Mode]
[17:40:00] [Server thread/INFO]: Vineer issued server command: /gamemode survival
[17:40:00] [Server thread/INFO]: [Vineer: Set own game mode to Survival Mode]
[17:40:02] [Server thread/INFO]: Vineer issued server command: /gamemode spectator
[17:40:02] [Server thread/INFO]: [Vineer: Set own game mode to Spectator Mode]
[17:40:04] [Server thread/INFO]: Vineer issued server command: /gamemode survival
[17:40:04] [Server thread/INFO]: [Vineer: Set own game mode to Survival Mode]
[17:40:31] [Server thread/INFO]: Vineer issued server command: /gamemode spectator
[17:40:31] [Server thread/INFO]: [Vineer: Set own game mode to Spectator Mode]
[17:40:41] [Server thread/INFO]: Vineer issued server command: /gamemode survival
[17:40:41] [Server thread/INFO]: [Vineer: Set own game mode to Survival Mode]
[17:40:58] [Server thread/INFO]: Vineer issued server command: /gamemode spectator
[17:40:58] [Server thread/INFO]: [Vineer: Set own game mode to Spectator Mode]
[17:41:01] [Server thread/INFO]: Vineer issued server command: /gamemode survival
[17:41:01] [Server thread/INFO]: [Vineer: Set own game mode to Survival Mode]
[17:41:16] [Server thread/INFO]: Vineer issued server command: /gamemode spectator
[17:41:16] [Server thread/INFO]: [Vineer: Set own game mode to Spectator Mode]
[17:41:31] [Server thread/INFO]: Vineer issued server command: /gamemode survival
[17:41:31] [Server thread/INFO]: [Vineer: Set own game mode to Survival Mode]
[17:41:37] [Server thread/INFO]: Vineer issued server command: /gamemode spectator
[17:41:37] [Server thread/INFO]: [Vineer: Set own game mode to Spectator Mode]
[17:41:48] [Server thread/INFO]: Vineer issued server command: /gamemode survival
[17:41:48] [Server thread/INFO]: [Vineer: Set own game mode to Survival Mode]
[17:42:44] [Server thread/INFO]: Vineer issued server command: /gamemode spectator
[17:42:44] [Server thread/INFO]: [Vineer: Set own game mode to Spectator Mode]
[17:42:48] [Server thread/INFO]: Vineer issued server command: /gamemode survival
[17:42:48] [Server thread/INFO]: [Vineer: Set own game mode to Survival Mode]
[17:43:22] [Server thread/INFO]: Vineer issued server command: /gamemode spectator
[17:43:22] [Server thread/INFO]: [Vineer: Set own game mode to Spectator Mode]
[17:43:44] [Server thread/INFO]: Vineer issued server command: //wand
[17:43:46] [Server thread/INFO]: Vineer issued server command: /gamemode survival
[17:43:46] [Server thread/INFO]: [Vineer: Set own game mode to Survival Mode]
[17:43:51] [Server thread/INFO]: Vineer issued server command: //move 1
[17:43:54] [Server thread/INFO]: Vineer issued server command: /gamemode spectator
[17:43:54] [Server thread/INFO]: [Vineer: Set own game mode to Spectator Mode]
[17:43:58] [Server thread/INFO]: Vineer issued server command: /gamemode survival
[17:43:58] [Server thread/INFO]: [Vineer: Set own game mode to Survival Mode]
[17:44:16] [Server thread/INFO]: Vineer issued server command: /gamemode spectator
[17:44:16] [Server thread/INFO]: [Vineer: Set own game mode to Spectator Mode]
[17:44:18] [Server thread/INFO]: Vineer issued server command: /gamemode survival
[17:44:18] [Server thread/INFO]: [Vineer: Set own game mode to Survival Mode]
[17:44:57] [Server thread/INFO]: Vineer issued server command: /gamemode spectator
[17:44:57] [Server thread/INFO]: [Vineer: Set own game mode to Spectator Mode]
[17:44:59] [Server thread/INFO]: Vineer issued server command: /gamemode survival
[17:44:59] [Server thread/INFO]: [Vineer: Set own game mode to Survival Mode]
[17:46:00] [Server thread/INFO]: Vineer issued server command: /gamemode spectator
[17:46:00] [Server thread/INFO]: [Vineer: Set own game mode to Spectator Mode]
[17:46:06] [Server thread/INFO]: Vineer issued server command: /gamemode survival
[17:46:06] [Server thread/INFO]: [Vineer: Set own game mode to Survival Mode]
[17:46:08] [Server thread/INFO]: Vineer issued server command: /gamemode spectator
[17:46:08] [Server thread/INFO]: [Vineer: Set own game mode to Spectator Mode]
[17:46:11] [Server thread/INFO]: Vineer issued server command: /gamemode survival
[17:46:11] [Server thread/INFO]: [Vineer: Set own game mode to Survival Mode]
[17:46:16] [Server thread/INFO]: Vineer issued server command: //move 1
[17:46:22] [Server thread/INFO]: Vineer issued server command: /gamemode spectator
[17:46:22] [Server thread/INFO]: [Vineer: Set own game mode to Spectator Mode]
[17:46:27] [Server thread/INFO]: Vineer issued server command: /gamemode survival
[17:46:27] [Server thread/INFO]: [Vineer: Set own game mode to Survival Mode]
[17:46:32] [Server thread/INFO]: Vineer issued server command: /gamemode spectator
[17:46:32] [Server thread/INFO]: [Vineer: Set own game mode to Spectator Mode]
[17:46:34] [Server thread/INFO]: Vineer issued server command: /gamemode survival
[17:46:34] [Server thread/INFO]: [Vineer: Set own game mode to Survival Mode]
[17:47:07] [Server thread/INFO]: Vineer issued server command: /gamemode spectator
[17:47:07] [Server thread/INFO]: [Vineer: Set own game mode to Spectator Mode]
[17:47:13] [Server thread/INFO]: Vineer issued server command: /gamemode survival
[17:47:13] [Server thread/INFO]: [Vineer: Set own game mode to Survival Mode]
[17:47:41] [Server thread/INFO]: Vineer issued server command: /gamemode spectator
[17:47:41] [Server thread/INFO]: [Vineer: Set own game mode to Spectator Mode]
[17:47:46] [Server thread/INFO]: Vineer issued server command: /gamemode survival
[17:47:46] [Server thread/INFO]: [Vineer: Set own game mode to Survival Mode]
[17:47:50] [Server thread/INFO]: Vineer issued server command: //move 2
[17:48:16] [Server thread/INFO]: Vineer issued server command: /home home
[17:48:21] [Server thread/WARN]: Entity EntityPlayer['Vineer'/210341, l='ServerLevel[world_nether]', x=-708.50, y=128.00, z=192.50](Vineer at -708.5,128.0,192.5) left loaded chunk area
[17:49:30] [Server thread/INFO]: Vineer issued server command: /home fort
[17:49:38] [Server thread/INFO]: Vineer issued server command: /gamemode spectator
[17:49:38] [Server thread/INFO]: [Vineer: Set own game mode to Spectator Mode]
[17:49:40] [Server thread/INFO]: Vineer issued server command: /gamemode survival
[17:49:40] [Server thread/INFO]: [Vineer: Set own game mode to Survival Mode]
[17:50:12] [Server thread/INFO]: Vineer issued server command: /gamemode spectator
[17:50:12] [Server thread/INFO]: [Vineer: Set own game mode to Spectator Mode]
[17:50:18] [Server thread/INFO]: Vineer issued server command: /gamemode survival
[17:50:18] [Server thread/INFO]: [Vineer: Set own game mode to Survival Mode]
[17:50:28] [Server thread/INFO]: Vineer issued server command: //move 3
[17:50:28] [Server thread/ERROR]: Block at -163, 63, 12 is Block{minecraft:netherrack} but has net.minecraft.server.v1_16_R3.TileEntityHopper@40faca4a. Bukkit will attempt to fix this, but there may be additional damage that we cannot recover.
[17:50:28] [Server thread/ERROR]: Block at -164, 62, 11 is Block{minecraft:oak_slab} but has net.minecraft.server.v1_16_R3.TileEntityChest@da796f6. Bukkit will attempt to fix this, but there may be additional damage that we cannot recover.
[17:50:28] [Server thread/ERROR]: Block at -163, 63, 10 is Block{minecraft:netherrack} but has net.minecraft.server.v1_16_R3.TileEntityHopper@78d71239. Bukkit will attempt to fix this, but there may be additional damage that we cannot recover.
[17:50:28] [Server thread/ERROR]: Block at -163, 62, 11 is Block{minecraft:spruce_wall_sign} but has net.minecraft.server.v1_16_R3.TileEntityChest@8d6595a. Bukkit will attempt to fix this, but there may be additional damage that we cannot recover.
[17:50:31] [Server thread/INFO]: Vineer issued server command: /gamemode spectator
[17:50:31] [Server thread/INFO]: [Vineer: Set own game mode to Spectator Mode]
[17:50:41] [Server thread/INFO]: Vineer issued server command: //undo
[17:50:41] [Server thread/ERROR]: Block at -163, 60, 11 is Block{minecraft:nether_bricks} but has net.minecraft.server.v1_16_R3.TileEntityHopper@26b5b268. Bukkit will attempt to fix this, but there may be additional damage that we cannot recover.
[17:50:41] [Server thread/ERROR]: Block at -163, 60, 12 is Block{minecraft:nether_bricks} but has net.minecraft.server.v1_16_R3.TileEntityHopper@633ee498. Bukkit will attempt to fix this, but there may be additional damage that we cannot recover.
[17:50:41] [Server thread/ERROR]: Block at -164, 59, 11 is Block{minecraft:nether_bricks} but has net.minecraft.server.v1_16_R3.TileEntityChest@704bb06b. Bukkit will attempt to fix this, but there may be additional damage that we cannot recover.
[17:50:41] [Server thread/ERROR]: Block at -163, 60, 10 is Block{minecraft:nether_bricks} but has net.minecraft.server.v1_16_R3.TileEntityHopper@71dea35a. Bukkit will attempt to fix this, but there may be additional damage that we cannot recover.
[17:50:41] [Server thread/ERROR]: Block at -163, 59, 11 is Block{minecraft:nether_bricks} but has net.minecraft.server.v1_16_R3.TileEntityChest@7a7379fb. Bukkit will attempt to fix this, but there may be additional damage that we cannot recover.
[17:50:46] [Server thread/INFO]: Vineer issued server command: /gamemode survival
[17:50:46] [Server thread/INFO]: [Vineer: Set own game mode to Survival Mode]
[17:50:52] [Server thread/INFO]: Vineer issued server command: //move 3
[17:50:54] [Server thread/INFO]: Vineer issued server command: /gamemode spectator
[17:50:54] [Server thread/INFO]: [Vineer: Set own game mode to Spectator Mode]
[17:51:01] [Server thread/INFO]: Vineer issued server command: //undo
[17:51:01] [Server thread/ERROR]: Block at -167, 62, 14 is Block{minecraft:nether_bricks} but has net.minecraft.server.v1_16_R3.TileEntityChest@5004879a. Bukkit will attempt to fix this, but there may be additional damage that we cannot recover.
[17:51:01] [Server thread/ERROR]: Block at -166, 63, 14 is Block{minecraft:nether_bricks} but has net.minecraft.server.v1_16_R3.TileEntityHopper@90592ed. Bukkit will attempt to fix this, but there may be additional damage that we cannot recover.
[17:51:01] [Server thread/ERROR]: Block at -166, 63, 13 is Block{minecraft:nether_bricks} but has net.minecraft.server.v1_16_R3.TileEntityHopper@5424a7b5. Bukkit will attempt to fix this, but there may be additional damage that we cannot recover.
[17:51:01] [Server thread/ERROR]: Block at -166, 62, 14 is Block{minecraft:nether_bricks} but has net.minecraft.server.v1_16_R3.TileEntityChest@121d1d28. Bukkit will attempt to fix this, but there may be additional damage that we cannot recover.
[17:51:01] [Server thread/ERROR]: Block at -166, 63, 15 is Block{minecraft:nether_bricks} but has net.minecraft.server.v1_16_R3.TileEntityHopper@66d170a6. Bukkit will attempt to fix this, but there may be additional damage that we cannot recover.
[17:51:07] [Server thread/INFO]: Vineer issued server command: //move 3
[17:51:07] [Server thread/ERROR]: Block at -164, 62, 11 is Block{minecraft:oak_slab} but has net.minecraft.server.v1_16_R3.TileEntityChest@43e6046b. Bukkit will attempt to fix this, but there may be additional damage that we cannot recover.
[17:51:07] [Server thread/ERROR]: Block at -163, 63, 10 is Block{minecraft:netherrack} but has net.minecraft.server.v1_16_R3.TileEntityHopper@328e1aad. Bukkit will attempt to fix this, but there may be additional damage that we cannot recover.
[17:51:07] [Server thread/ERROR]: Block at -163, 63, 12 is Block{minecraft:netherrack} but has net.minecraft.server.v1_16_R3.TileEntityHopper@4880b589. Bukkit will attempt to fix this, but there may be additional damage that we cannot recover.
[17:51:07] [Server thread/ERROR]: Block at -163, 62, 11 is Block{minecraft:spruce_wall_sign} but has net.minecraft.server.v1_16_R3.TileEntityChest@25b9b87f. Bukkit will attempt to fix this, but there may be additional damage that we cannot recover.
[17:51:11] [Server thread/INFO]: Vineer issued server command: /gamemode survival
[17:51:11] [Server thread/INFO]: [Vineer: Set own game mode to Survival Mode]
[17:52:53] [Server thread/INFO]: Vineer issued server command: /setblock -160 65 8 lava
[17:52:53] [Server thread/INFO]: [Vineer: Changed the block at -160, 65, 8]
[17:53:07] [Server thread/INFO]: Vineer issued server command: /setblock -160 65 14 lava
[17:53:07] [Server thread/INFO]: [Vineer: Changed the block at -160, 65, 14]
[17:53:21] [Server thread/INFO]: Vineer issued server command: /setblock -166 65 14 lava
[17:53:21] [Server thread/INFO]: [Vineer: Changed the block at -166, 65, 14]
[17:53:23] [Server thread/INFO]: Vineer issued server command: /gamemode spectator
[17:53:23] [Server thread/INFO]: [Vineer: Set own game mode to Spectator Mode]
[17:53:27] [Server thread/INFO]: Vineer issued server command: /gamemode survival
[17:53:27] [Server thread/INFO]: [Vineer: Set own game mode to Survival Mode]
[17:54:23] [Server thread/INFO]: Vineer issued server command: /gamemode spectator
[17:54:23] [Server thread/INFO]: [Vineer: Set own game mode to Spectator Mode]
[17:54:28] [Server thread/INFO]: Vineer issued server command: /gamemode survival
[17:54:28] [Server thread/INFO]: [Vineer: Set own game mode to Survival Mode]
[17:54:36] [Server thread/INFO]: Vineer issued server command: /gamemode spectator
[17:54:36] [Server thread/INFO]: [Vineer: Set own game mode to Spectator Mode]
[17:54:37] [Server thread/INFO]: Vineer issued server command: /gamemode survival
[17:54:37] [Server thread/INFO]: [Vineer: Set own game mode to Survival Mode]
[17:54:39] [Server thread/INFO]: Vineer issued server command: /gamemode spectator
[17:54:39] [Server thread/INFO]: [Vineer: Set own game mode to Spectator Mode]
[17:54:42] [Server thread/INFO]: Vineer issued server command: /gamemode survival
[17:54:42] [Server thread/INFO]: [Vineer: Set own game mode to Survival Mode]
[17:54:44] [Server thread/INFO]: Vineer issued server command: /gamemode spectator
[17:54:44] [Server thread/INFO]: [Vineer: Set own game mode to Spectator Mode]
[17:54:52] [Server thread/INFO]: Vineer issued server command: /gamemode survival
[17:54:52] [Server thread/INFO]: [Vineer: Set own game mode to Survival Mode]
[17:54:54] [Server thread/INFO]: Vineer issued server command: /gamemode spectator
[17:54:54] [Server thread/INFO]: [Vineer: Set own game mode to Spectator Mode]
[17:54:57] [Server thread/INFO]: Vineer issued server command: /gamemode survival
[17:54:57] [Server thread/INFO]: [Vineer: Set own game mode to Survival Mode]
[17:54:58] [Server thread/INFO]: Vineer issued server command: /gamemode spectator
[17:54:58] [Server thread/INFO]: [Vineer: Set own game mode to Spectator Mode]
[17:55:01] [Server thread/INFO]: Vineer issued server command: /gamemode survival
[17:55:01] [Server thread/INFO]: [Vineer: Set own game mode to Survival Mode]
[17:55:43] [Server thread/INFO]: Vineer issued server command: /gamemode spectator
[17:55:43] [Server thread/INFO]: [Vineer: Set own game mode to Spectator Mode]
[17:55:46] [Server thread/INFO]: Vineer issued server command: /gamemode survival
[17:55:46] [Server thread/INFO]: [Vineer: Set own game mode to Survival Mode]
[17:55:56] [Server thread/INFO]: Vineer issued server command: /gamemode spectator
[17:55:56] [Server thread/INFO]: [Vineer: Set own game mode to Spectator Mode]
[17:55:58] [Server thread/INFO]: Vineer issued server command: /gamemode survival
[17:55:58] [Server thread/INFO]: [Vineer: Set own game mode to Survival Mode]
[17:56:25] [Server thread/INFO]: Vineer issued server command: /home fort
[17:56:55] [Server thread/INFO]: Vineer issued server command: /sethome fort
[17:57:03] [Server thread/INFO]: Vineer issued server command: /shop hunter
[17:57:16] [Server thread/INFO]: Vineer issued server command: /gamemode spectator
[17:57:16] [Server thread/INFO]: [Vineer: Set own game mode to Spectator Mode]
[17:57:24] [Server thread/INFO]: Vineer issued server command: /gamemode survival
[17:57:24] [Server thread/INFO]: [Vineer: Set own game mode to Survival Mode]
